<?xml version="1.0" encoding="UTF-8"?>
<!-- Generated by org.testng.reporters.JUnitXMLReporter -->
<testsuite hostname="PT1238LXLT" ignored="0" name="Test" tests="6" failures="0" timestamp="08 Aug 2018 14:43:55 GMT" time="0.051" errors="0">
  <testcase name="firstTest" time="0.012" classname="com.login.test.SomeTest"/>
  <testcase name="firstTest" time="0.002" classname="com.login.test.SomeTest"/>
  <testcase name="secondTest" time="0.002" classname="com.login.test.SomeTest"/>
  <testcase name="secondTest" time="0.002" classname="com.login.test.SomeTest"/>
  <testcase name="thirdTest" time="0.002" classname="com.login.test.SomeTest"/>
  <testcase name="thirdTest" time="0.001" classname="com.login.test.SomeTest"/>
</testsuite> <!-- Test -->
